\BOOKMARK [0][-]{chapter.1}{\376\377\0001\000\040\000I\000n\000d\000e\000x\000\040\000h\000i\000\351\000r\000a\000r\000c\000h\000i\000q\000u\000e}{}% 1
\BOOKMARK [1][-]{section.1.1}{\376\377\0001\000.\0001\000\040\000H\000i\000\351\000r\000a\000r\000c\000h\000i\000e\000\040\000d\000e\000s\000\040\000c\000l\000a\000s\000s\000e\000s}{chapter.1}% 2
\BOOKMARK [0][-]{chapter.2}{\376\377\0002\000\040\000I\000n\000d\000e\000x\000\040\000d\000e\000s\000\040\000c\000l\000a\000s\000s\000e\000s}{}% 3
\BOOKMARK [1][-]{section.2.1}{\376\377\0002\000.\0001\000\040\000L\000i\000s\000t\000e\000\040\000d\000e\000s\000\040\000c\000l\000a\000s\000s\000e\000s}{chapter.2}% 4
\BOOKMARK [0][-]{chapter.3}{\376\377\0003\000\040\000I\000n\000d\000e\000x\000\040\000d\000e\000s\000\040\000f\000i\000c\000h\000i\000e\000r\000s}{}% 5
\BOOKMARK [1][-]{section.3.1}{\376\377\0003\000.\0001\000\040\000L\000i\000s\000t\000e\000\040\000d\000e\000s\000\040\000f\000i\000c\000h\000i\000e\000r\000s}{chapter.3}% 6
\BOOKMARK [0][-]{chapter.4}{\376\377\0004\000\040\000D\000o\000c\000u\000m\000e\000n\000t\000a\000t\000i\000o\000n\000\040\000d\000e\000s\000\040\000c\000l\000a\000s\000s\000e\000s}{}% 7
\BOOKMARK [1][-]{section.4.1}{\376\377\0004\000.\0001\000\040\000R\000\351\000f\000\351\000r\000e\000n\000c\000e\000\040\000d\000e\000\040\000l\000a\000\040\000c\000l\000a\000s\000s\000e\000\040\000A\000f\000f\000i\000c\000h\000a\000g\000e}{chapter.4}% 8
\BOOKMARK [2][-]{subsection.4.1.1}{\376\377\0004\000.\0001\000.\0001\000\040\000D\000e\000s\000c\000r\000i\000p\000t\000i\000o\000n\000\040\000d\000\351\000t\000a\000i\000l\000l\000\351\000e}{section.4.1}% 9
\BOOKMARK [2][-]{subsection.4.1.2}{\376\377\0004\000.\0001\000.\0002\000\040\000D\000o\000c\000u\000m\000e\000n\000t\000a\000t\000i\000o\000n\000\040\000d\000e\000s\000\040\000f\000o\000n\000c\000t\000i\000o\000n\000s\000\040\000m\000e\000m\000b\000r\000e\000s}{section.4.1}% 10
\BOOKMARK [3][-]{subsubsection.4.1.2.1}{\376\377\0004\000.\0001\000.\0002\000.\0001\000\040\000a\000f\000f\000i\000c\000h\000e\000r\000G\000a\000g\000n\000a\000n\000t\000\050\000s\000t\000d\000:\000:\000s\000t\000r\000i\000n\000g\000\040\000n\000o\000m\000\051}{subsection.4.1.2}% 11
\BOOKMARK [3][-]{subsubsection.4.1.2.2}{\376\377\0004\000.\0001\000.\0002\000.\0002\000\040\000a\000f\000f\000i\000c\000h\000e\000r\000G\000r\000i\000l\000l\000e\000\050\000G\000r\000i\000l\000l\000e\000\040\000*\000g\000r\000i\000l\000l\000e\000\051}{subsection.4.1.2}% 12
\BOOKMARK [3][-]{subsubsection.4.1.2.3}{\376\377\0004\000.\0001\000.\0002\000.\0003\000\040\000a\000f\000f\000i\000c\000h\000e\000r\000M\000e\000s\000s\000a\000g\000e\000\050\000s\000t\000d\000:\000:\000s\000t\000r\000i\000n\000g\000\040\000m\000e\000s\000s\000a\000g\000e\000\051}{subsection.4.1.2}% 13
\BOOKMARK [3][-]{subsubsection.4.1.2.4}{\376\377\0004\000.\0001\000.\0002\000.\0004\000\040\000c\000h\000o\000i\000x\000S\000a\000u\000v\000e\000g\000a\000r\000d\000e\000\050\000s\000t\000d\000:\000:\000s\000t\000r\000i\000n\000g\000\040\000*\000l\000i\000s\000t\000e\000\051}{subsection.4.1.2}% 14
\BOOKMARK [3][-]{subsubsection.4.1.2.5}{\376\377\0004\000.\0001\000.\0002\000.\0005\000\040\000c\000h\000o\000i\000x\000T\000y\000p\000e\000J\000e\000u\000\050\000\051}{subsection.4.1.2}% 15
\BOOKMARK [3][-]{subsubsection.4.1.2.6}{\376\377\0004\000.\0001\000.\0002\000.\0006\000\040\000d\000e\000m\000a\000n\000d\000e\000r\000C\000o\000o\000r\000d\000o\000n\000n\000e\000e\000s\000B\000a\000t\000e\000a\000u\000\050\000c\000h\000a\000r\000\040\000c\000o\000o\000r\000d\000o\000n\000n\000e\000e\000\051}{subsection.4.1.2}% 16
\BOOKMARK [3][-]{subsubsection.4.1.2.7}{\376\377\0004\000.\0001\000.\0002\000.\0007\000\040\000d\000e\000m\000a\000n\000d\000e\000r\000C\000o\000o\000r\000d\000o\000n\000n\000e\000e\000s\000B\000o\000m\000b\000e\000\050\000c\000h\000a\000r\000\040\000c\000o\000o\000r\000d\000o\000n\000n\000e\000e\000\051}{subsection.4.1.2}% 17
\BOOKMARK [3][-]{subsubsection.4.1.2.8}{\376\377\0004\000.\0001\000.\0002\000.\0008\000\040\000d\000e\000m\000a\000n\000d\000e\000r\000D\000i\000m\000e\000n\000s\000i\000o\000n\000G\000r\000i\000l\000l\000e\000\050\000s\000t\000d\000:\000:\000s\000t\000r\000i\000n\000g\000\040\000n\000o\000m\000D\000e\000L\000a\000D\000i\000m\000e\000n\000s\000i\000o\000n\000\051}{subsection.4.1.2}% 18
\BOOKMARK [3][-]{subsubsection.4.1.2.9}{\376\377\0004\000.\0001\000.\0002\000.\0009\000\040\000d\000e\000m\000a\000n\000d\000e\000r\000N\000o\000m\000\050\000\051}{subsection.4.1.2}% 19
\BOOKMARK [3][-]{subsubsection.4.1.2.10}{\376\377\0004\000.\0001\000.\0002\000.\0001\0000\000\040\000d\000e\000m\000a\000n\000d\000e\000r\000N\000o\000m\000S\000a\000u\000v\000e\000g\000a\000r\000d\000e\000\050\000\051}{subsection.4.1.2}% 20
\BOOKMARK [3][-]{subsubsection.4.1.2.11}{\376\377\0004\000.\0001\000.\0002\000.\0001\0001\000\040\000d\000e\000m\000a\000n\000d\000e\000r\000O\000r\000i\000e\000n\000t\000a\000t\000i\000o\000n\000B\000a\000t\000e\000a\000u\000\050\000\051}{subsection.4.1.2}% 21
\BOOKMARK [3][-]{subsubsection.4.1.2.12}{\376\377\0004\000.\0001\000.\0002\000.\0001\0002\000\040\000d\000e\000m\000a\000n\000d\000e\000r\000P\000l\000a\000c\000e\000m\000e\000n\000t\000C\000o\000r\000r\000e\000c\000t\000\050\000\051}{subsection.4.1.2}% 22
\BOOKMARK [3][-]{subsubsection.4.1.2.13}{\376\377\0004\000.\0001\000.\0002\000.\0001\0003\000\040\000d\000e\000m\000a\000n\000d\000e\000r\000T\000a\000i\000l\000l\000e\000B\000a\000t\000e\000a\000u\000\050\000\051}{subsection.4.1.2}% 23
\BOOKMARK [3][-]{subsubsection.4.1.2.14}{\376\377\0004\000.\0001\000.\0002\000.\0001\0004\000\040\000m\000e\000n\000u\000P\000r\000i\000n\000c\000i\000p\000a\000l\000\050\000\051}{subsection.4.1.2}% 24
\BOOKMARK [3][-]{subsubsection.4.1.2.15}{\376\377\0004\000.\0001\000.\0002\000.\0001\0005\000\040\000p\000r\000o\000p\000o\000s\000e\000r\000N\000o\000u\000v\000e\000a\000u\000J\000e\000u\000O\000u\000S\000a\000u\000v\000e\000g\000a\000r\000d\000e\000\050\000\051}{subsection.4.1.2}% 25
\BOOKMARK [3][-]{subsubsection.4.1.2.16}{\376\377\0004\000.\0001\000.\0002\000.\0001\0006\000\040\000p\000r\000o\000p\000o\000s\000e\000r\000S\000a\000u\000v\000e\000g\000a\000r\000d\000e\000r\000\050\000\051}{subsection.4.1.2}% 26
\BOOKMARK [1][-]{section.4.2}{\376\377\0004\000.\0002\000\040\000R\000\351\000f\000\351\000r\000e\000n\000c\000e\000\040\000d\000e\000\040\000l\000a\000\040\000c\000l\000a\000s\000s\000e\000\040\000B\000a\000t\000e\000a\000u}{chapter.4}% 27
\BOOKMARK [2][-]{subsection.4.2.1}{\376\377\0004\000.\0002\000.\0001\000\040\000D\000e\000s\000c\000r\000i\000p\000t\000i\000o\000n\000\040\000d\000\351\000t\000a\000i\000l\000l\000\351\000e}{section.4.2}% 28
\BOOKMARK [2][-]{subsection.4.2.2}{\376\377\0004\000.\0002\000.\0002\000\040\000D\000o\000c\000u\000m\000e\000n\000t\000a\000t\000i\000o\000n\000\040\000d\000e\000s\000\040\000f\000o\000n\000c\000t\000i\000o\000n\000s\000\040\000m\000e\000m\000b\000r\000e\000s}{section.4.2}% 29
\BOOKMARK [3][-]{subsubsection.4.2.2.1}{\376\377\0004\000.\0002\000.\0002\000.\0001\000\040\000g\000e\000t\000C\000o\000o\000r\000d\000o\000n\000n\000e\000e\000s\000C\000o\000m\000p\000l\000e\000t\000e\000s\000\050\000\051}{subsection.4.2.2}% 30
\BOOKMARK [3][-]{subsubsection.4.2.2.2}{\376\377\0004\000.\0002\000.\0002\000.\0002\000\040\000g\000e\000t\000O\000r\000i\000e\000n\000t\000a\000t\000i\000o\000n\000\050\000\051}{subsection.4.2.2}% 31
\BOOKMARK [3][-]{subsubsection.4.2.2.3}{\376\377\0004\000.\0002\000.\0002\000.\0003\000\040\000g\000e\000t\000T\000a\000i\000l\000l\000e\000\050\000\051}{subsection.4.2.2}% 32
\BOOKMARK [3][-]{subsubsection.4.2.2.4}{\376\377\0004\000.\0002\000.\0002\000.\0004\000\040\000g\000e\000t\000x\000E\000x\000t\000r\000e\000m\000i\000t\000e\000\050\000\051}{subsection.4.2.2}% 33
\BOOKMARK [3][-]{subsubsection.4.2.2.5}{\376\377\0004\000.\0002\000.\0002\000.\0005\000\040\000g\000e\000t\000y\000E\000x\000t\000r\000e\000m\000i\000t\000e\000\050\000\051}{subsection.4.2.2}% 34
\BOOKMARK [3][-]{subsubsection.4.2.2.6}{\376\377\0004\000.\0002\000.\0002\000.\0006\000\040\000p\000l\000a\000c\000e\000r\000S\000u\000r\000G\000r\000i\000l\000l\000e\000\050\000G\000r\000i\000l\000l\000e\000\040\000*\000g\000r\000i\000l\000l\000e\000\051}{subsection.4.2.2}% 35
\BOOKMARK [3][-]{subsubsection.4.2.2.7}{\376\377\0004\000.\0002\000.\0002\000.\0007\000\040\000r\000e\000t\000i\000r\000e\000r\000D\000e\000L\000a\000G\000r\000i\000l\000l\000e\000\050\000G\000r\000i\000l\000l\000e\000\040\000*\000g\000r\000i\000l\000l\000e\000\051}{subsection.4.2.2}% 36
\BOOKMARK [3][-]{subsubsection.4.2.2.8}{\376\377\0004\000.\0002\000.\0002\000.\0008\000\040\000s\000e\000t\000O\000r\000i\000e\000n\000t\000a\000t\000i\000o\000n\000\050\000c\000h\000a\000r\000\040\000o\000r\000i\000e\000n\000t\000a\000t\000i\000o\000n\000I\000n\000p\000u\000t\000\051}{subsection.4.2.2}% 37
\BOOKMARK [3][-]{subsubsection.4.2.2.9}{\376\377\0004\000.\0002\000.\0002\000.\0009\000\040\000s\000e\000t\000T\000a\000i\000l\000l\000e\000\050\000i\000n\000t\000\040\000t\000a\000i\000l\000l\000e\000\051}{subsection.4.2.2}% 38
\BOOKMARK [3][-]{subsubsection.4.2.2.10}{\376\377\0004\000.\0002\000.\0002\000.\0001\0000\000\040\000s\000e\000t\000x\000E\000x\000t\000r\000e\000m\000i\000t\000e\000\050\000i\000n\000t\000\040\000x\000E\000x\000t\000r\000e\000m\000i\000t\000e\000\051}{subsection.4.2.2}% 39
\BOOKMARK [3][-]{subsubsection.4.2.2.11}{\376\377\0004\000.\0002\000.\0002\000.\0001\0001\000\040\000s\000e\000t\000y\000E\000x\000t\000r\000e\000m\000i\000t\000e\000\050\000i\000n\000t\000\040\000y\000E\000x\000t\000r\000e\000m\000i\000t\000e\000\051}{subsection.4.2.2}% 40
\BOOKMARK [2][-]{subsection.4.2.3}{\376\377\0004\000.\0002\000.\0003\000\040\000D\000o\000c\000u\000m\000e\000n\000t\000a\000t\000i\000o\000n\000\040\000d\000e\000s\000\040\000d\000o\000n\000n\000\351\000e\000s\000\040\000m\000e\000m\000b\000r\000e\000s}{section.4.2}% 41
\BOOKMARK [3][-]{subsubsection.4.2.3.1}{\376\377\0004\000.\0002\000.\0003\000.\0001\000\040\000o\000r\000i\000e\000n\000t\000a\000t\000i\000o\000n}{subsection.4.2.3}% 42
\BOOKMARK [3][-]{subsubsection.4.2.3.2}{\376\377\0004\000.\0002\000.\0003\000.\0002\000\040\000t\000a\000i\000l\000l\000e}{subsection.4.2.3}% 43
\BOOKMARK [3][-]{subsubsection.4.2.3.3}{\376\377\0004\000.\0002\000.\0003\000.\0003\000\040\000x\000E\000x\000t\000r\000e\000m\000i\000t\000e}{subsection.4.2.3}% 44
\BOOKMARK [3][-]{subsubsection.4.2.3.4}{\376\377\0004\000.\0002\000.\0003\000.\0004\000\040\000y\000E\000x\000t\000r\000e\000m\000i\000t\000e}{subsection.4.2.3}% 45
\BOOKMARK [1][-]{section.4.3}{\376\377\0004\000.\0003\000\040\000R\000\351\000f\000\351\000r\000e\000n\000c\000e\000\040\000d\000e\000\040\000l\000a\000\040\000c\000l\000a\000s\000s\000e\000\040\000G\000e\000s\000t\000i\000o\000n\000S\000a\000u\000v\000e\000g\000a\000r\000d\000e}{chapter.4}% 46
\BOOKMARK [2][-]{subsection.4.3.1}{\376\377\0004\000.\0003\000.\0001\000\040\000D\000e\000s\000c\000r\000i\000p\000t\000i\000o\000n\000\040\000d\000\351\000t\000a\000i\000l\000l\000\351\000e}{section.4.3}% 47
\BOOKMARK [2][-]{subsection.4.3.2}{\376\377\0004\000.\0003\000.\0002\000\040\000D\000o\000c\000u\000m\000e\000n\000t\000a\000t\000i\000o\000n\000\040\000d\000e\000s\000\040\000c\000o\000n\000s\000t\000r\000u\000c\000t\000e\000u\000r\000s\000\040\000e\000t\000\040\000d\000e\000s\000t\000r\000u\000c\000t\000e\000u\000r}{section.4.3}% 48
\BOOKMARK [3][-]{subsubsection.4.3.2.1}{\376\377\0004\000.\0003\000.\0002\000.\0001\000\040\000G\000e\000s\000t\000i\000o\000n\000S\000a\000u\000v\000e\000g\000a\000r\000d\000e\000\050\000s\000t\000d\000:\000:\000s\000t\000r\000i\000n\000g\000\040\000n\000o\000m\000F\000i\000c\000h\000i\000e\000r\000\051}{subsection.4.3.2}% 49
\BOOKMARK [2][-]{subsection.4.3.3}{\376\377\0004\000.\0003\000.\0003\000\040\000D\000o\000c\000u\000m\000e\000n\000t\000a\000t\000i\000o\000n\000\040\000d\000e\000s\000\040\000f\000o\000n\000c\000t\000i\000o\000n\000s\000\040\000m\000e\000m\000b\000r\000e\000s}{section.4.3}% 50
\BOOKMARK [3][-]{subsubsection.4.3.3.1}{\376\377\0004\000.\0003\000.\0003\000.\0001\000\040\000d\000e\000b\000u\000t\000D\000e\000L\000a\000C\000h\000a\000i\000n\000e\000S\000a\000n\000s\000E\000s\000p\000a\000c\000e\000s\000\050\000s\000t\000d\000:\000:\000s\000t\000r\000i\000n\000g\000\040\000c\000h\000a\000i\000n\000e\000\051}{subsection.4.3.3}% 51
\BOOKMARK [3][-]{subsubsection.4.3.3.2}{\376\377\0004\000.\0003\000.\0003\000.\0002\000\040\000e\000c\000r\000i\000r\000e\000A\000t\000t\000r\000i\000b\000u\000t\000\050\000s\000t\000d\000:\000:\000s\000t\000r\000i\000n\000g\000\040\000a\000t\000t\000r\000i\000b\000u\000t\000,\000\040\000s\000t\000d\000:\000:\000s\000t\000r\000i\000n\000g\000\040\000v\000a\000l\000e\000u\000r\000\051}{subsection.4.3.3}% 52
\BOOKMARK [3][-]{subsubsection.4.3.3.3}{\376\377\0004\000.\0003\000.\0003\000.\0003\000\040\000e\000c\000r\000i\000r\000e\000G\000r\000i\000l\000l\000e\000\050\000s\000t\000d\000:\000:\000s\000t\000r\000i\000n\000g\000\040\000n\000o\000m\000G\000r\000i\000l\000l\000e\000,\000\040\000c\000h\000a\000r\000\040\000*\000*\000g\000r\000i\000l\000l\000e\000,\000\040\000i\000n\000t\000\040\000l\000a\000r\000g\000e\000u\000r\000,\000\040\000i\000n\000t\000\040\000h\000a\000u\000t\000e\000u\000r\000\051}{subsection.4.3.3}% 53
\BOOKMARK [3][-]{subsubsection.4.3.3.4}{\376\377\0004\000.\0003\000.\0003\000.\0004\000\040\000e\000c\000r\000i\000r\000e\000N\000o\000m\000J\000o\000u\000e\000u\000r\000\050\000c\000h\000a\000r\000\040\000n\000u\000m\000e\000r\000o\000J\000o\000u\000e\000u\000r\000,\000\040\000s\000t\000d\000:\000:\000s\000t\000r\000i\000n\000g\000\040\000n\000o\000m\000J\000o\000u\000e\000u\000r\000\051}{subsection.4.3.3}% 54
\BOOKMARK [3][-]{subsubsection.4.3.3.5}{\376\377\0004\000.\0003\000.\0003\000.\0005\000\040\000e\000f\000f\000a\000c\000e\000r\000G\000r\000i\000l\000l\000e\000\050\000i\000n\000t\000\040\000p\000o\000s\000,\000\040\000i\000n\000t\000\040\000h\000\051}{subsection.4.3.3}% 55
\BOOKMARK [3][-]{subsubsection.4.3.3.6}{\376\377\0004\000.\0003\000.\0003\000.\0006\000\040\000e\000s\000t\000N\000u\000m\000e\000r\000i\000q\000u\000e\000\050\000c\000h\000a\000r\000\040\000c\000\051}{subsection.4.3.3}% 56
\BOOKMARK [3][-]{subsubsection.4.3.3.7}{\376\377\0004\000.\0003\000.\0003\000.\0007\000\040\000f\000i\000c\000h\000i\000e\000r\000E\000x\000i\000s\000t\000e\000\050\000s\000t\000d\000:\000:\000s\000t\000r\000i\000n\000g\000\040\000n\000o\000m\000F\000i\000c\000h\000i\000e\000r\000=\000"\000"\000\051}{subsection.4.3.3}% 57
\BOOKMARK [3][-]{subsubsection.4.3.3.8}{\376\377\0004\000.\0003\000.\0003\000.\0008\000\040\000g\000e\000t\000L\000i\000s\000t\000e\000S\000a\000u\000v\000e\000g\000a\000r\000d\000e\000s\000\050\000\051}{subsection.4.3.3}% 58
\BOOKMARK [3][-]{subsubsection.4.3.3.9}{\376\377\0004\000.\0003\000.\0003\000.\0009\000\040\000l\000i\000r\000e\000A\000t\000t\000r\000i\000b\000u\000t\000\050\000s\000t\000d\000:\000:\000s\000t\000r\000i\000n\000g\000\040\000a\000t\000t\000r\000i\000b\000u\000t\000\051}{subsection.4.3.3}% 59
\BOOKMARK [3][-]{subsubsection.4.3.3.10}{\376\377\0004\000.\0003\000.\0003\000.\0001\0000\000\040\000l\000i\000r\000e\000G\000r\000i\000l\000l\000e\000\050\000s\000t\000d\000:\000:\000s\000t\000r\000i\000n\000g\000\040\000n\000o\000m\000G\000r\000i\000l\000l\000e\000\051}{subsection.4.3.3}% 60
\BOOKMARK [3][-]{subsubsection.4.3.3.11}{\376\377\0004\000.\0003\000.\0003\000.\0001\0001\000\040\000l\000i\000r\000e\000H\000a\000u\000t\000e\000u\000r\000G\000r\000i\000l\000l\000e\000\050\000s\000t\000d\000:\000:\000s\000t\000r\000i\000n\000g\000\040\000n\000o\000m\000G\000r\000i\000l\000l\000e\000\051}{subsection.4.3.3}% 61
\BOOKMARK [3][-]{subsubsection.4.3.3.12}{\376\377\0004\000.\0003\000.\0003\000.\0001\0002\000\040\000l\000i\000r\000e\000L\000a\000r\000g\000e\000u\000r\000G\000r\000i\000l\000l\000e\000\050\000s\000t\000d\000:\000:\000s\000t\000r\000i\000n\000g\000\040\000n\000o\000m\000G\000r\000i\000l\000l\000e\000\051}{subsection.4.3.3}% 62
\BOOKMARK [3][-]{subsubsection.4.3.3.13}{\376\377\0004\000.\0003\000.\0003\000.\0001\0003\000\040\000l\000i\000r\000e\000N\000o\000m\000J\000o\000u\000e\000u\000r\000\050\000c\000h\000a\000r\000\040\000n\000u\000m\000e\000r\000o\000J\000o\000u\000e\000u\000r\000\051}{subsection.4.3.3}% 63
\BOOKMARK [3][-]{subsubsection.4.3.3.14}{\376\377\0004\000.\0003\000.\0003\000.\0001\0004\000\040\000n\000o\000u\000v\000e\000l\000l\000e\000S\000a\000u\000v\000e\000g\000a\000r\000d\000e\000\050\000b\000o\000o\000l\000\040\000e\000c\000r\000a\000s\000e\000r\000F\000i\000c\000h\000i\000e\000r\000S\000i\000E\000x\000i\000s\000t\000e\000D\000e\000j\000a\000=\000f\000a\000l\000s\000e\000\051}{subsection.4.3.3}% 64
\BOOKMARK [3][-]{subsubsection.4.3.3.15}{\376\377\0004\000.\0003\000.\0003\000.\0001\0005\000\040\000p\000a\000r\000s\000e\000L\000i\000g\000n\000e\000G\000r\000i\000l\000l\000e\000\050\000s\000t\000d\000:\000:\000s\000t\000r\000i\000n\000g\000\040\000l\000i\000g\000n\000e\000,\000\040\000i\000n\000t\000\040\000t\000a\000i\000l\000l\000e\000\051}{subsection.4.3.3}% 65
\BOOKMARK [3][-]{subsubsection.4.3.3.16}{\376\377\0004\000.\0003\000.\0003\000.\0001\0006\000\040\000p\000o\000s\000i\000t\000i\000o\000n\000A\000t\000t\000r\000i\000b\000u\000t\000\050\000s\000t\000d\000:\000:\000s\000t\000r\000i\000n\000g\000\040\000a\000t\000t\000r\000i\000b\000u\000t\000,\000\040\000b\000o\000o\000l\000\040\000v\000e\000r\000i\000f\000i\000e\000r\000E\000g\000a\000l\000e\000=\000t\000r\000u\000e\000\051}{subsection.4.3.3}% 66
\BOOKMARK [3][-]{subsubsection.4.3.3.17}{\376\377\0004\000.\0003\000.\0003\000.\0001\0007\000\040\000r\000e\000c\000u\000p\000e\000r\000e\000r\000H\000a\000u\000t\000e\000u\000r\000G\000r\000i\000l\000l\000e\000\050\000i\000n\000t\000\040\000p\000o\000s\000\051}{subsection.4.3.3}% 67
\BOOKMARK [3][-]{subsubsection.4.3.3.18}{\376\377\0004\000.\0003\000.\0003\000.\0001\0008\000\040\000r\000e\000m\000p\000l\000a\000c\000e\000r\000L\000i\000g\000n\000e\000\050\000i\000n\000t\000\040\000p\000o\000s\000,\000\040\000s\000t\000d\000:\000:\000s\000t\000r\000i\000n\000g\000\040\000n\000o\000u\000v\000e\000l\000l\000e\000L\000i\000g\000n\000e\000,\000\040\000b\000o\000o\000l\000\040\000a\000j\000o\000u\000t\000e\000r\000L\000a\000L\000i\000g\000n\000e\000=\000f\000a\000l\000s\000e\000\051}{subsection.4.3.3}% 68
\BOOKMARK [3][-]{subsubsection.4.3.3.19}{\376\377\0004\000.\0003\000.\0003\000.\0001\0009\000\040\000s\000a\000u\000v\000e\000g\000a\000r\000d\000e\000D\000e\000j\000a\000D\000a\000n\000s\000L\000i\000s\000t\000e\000\050\000\051}{subsection.4.3.3}% 69
\BOOKMARK [3][-]{subsubsection.4.3.3.20}{\376\377\0004\000.\0003\000.\0003\000.\0002\0000\000\040\000s\000u\000p\000p\000r\000i\000m\000e\000r\000S\000a\000u\000v\000e\000g\000a\000r\000d\000e\000\050\000s\000t\000d\000:\000:\000s\000t\000r\000i\000n\000g\000\040\000n\000o\000m\000F\000i\000c\000h\000i\000e\000r\000\051}{subsection.4.3.3}% 70
\BOOKMARK [2][-]{subsection.4.3.4}{\376\377\0004\000.\0003\000.\0004\000\040\000D\000o\000c\000u\000m\000e\000n\000t\000a\000t\000i\000o\000n\000\040\000d\000e\000s\000\040\000d\000o\000n\000n\000\351\000e\000s\000\040\000m\000e\000m\000b\000r\000e\000s}{section.4.3}% 71
\BOOKMARK [3][-]{subsubsection.4.3.4.1}{\376\377\0004\000.\0003\000.\0004\000.\0001\000\040\000n\000o\000m\000F\000i\000c\000h\000i\000e\000r}{subsection.4.3.4}% 72
\BOOKMARK [1][-]{section.4.4}{\376\377\0004\000.\0004\000\040\000R\000\351\000f\000\351\000r\000e\000n\000c\000e\000\040\000d\000e\000\040\000l\000a\000\040\000c\000l\000a\000s\000s\000e\000\040\000G\000r\000i\000l\000l\000e}{chapter.4}% 73
\BOOKMARK [2][-]{subsection.4.4.1}{\376\377\0004\000.\0004\000.\0001\000\040\000D\000e\000s\000c\000r\000i\000p\000t\000i\000o\000n\000\040\000d\000\351\000t\000a\000i\000l\000l\000\351\000e}{section.4.4}% 74
\BOOKMARK [2][-]{subsection.4.4.2}{\376\377\0004\000.\0004\000.\0002\000\040\000D\000o\000c\000u\000m\000e\000n\000t\000a\000t\000i\000o\000n\000\040\000d\000e\000s\000\040\000f\000o\000n\000c\000t\000i\000o\000n\000s\000\040\000m\000e\000m\000b\000r\000e\000s}{section.4.4}% 75
\BOOKMARK [3][-]{subsubsection.4.4.2.1}{\376\377\0004\000.\0004\000.\0002\000.\0001\000\040\000f\000i\000n\000i\000\050\000\051}{subsection.4.4.2}% 76
\BOOKMARK [3][-]{subsubsection.4.4.2.2}{\376\377\0004\000.\0004\000.\0002\000.\0002\000\040\000g\000e\000t\000\050\000i\000n\000t\000\040\000x\000,\000\040\000i\000n\000t\000\040\000y\000\051}{subsection.4.4.2}% 77
\BOOKMARK [3][-]{subsubsection.4.4.2.3}{\376\377\0004\000.\0004\000.\0002\000.\0003\000\040\000g\000e\000t\000G\000r\000i\000l\000l\000e\000\050\000\051}{subsection.4.4.2}% 78
\BOOKMARK [3][-]{subsubsection.4.4.2.4}{\376\377\0004\000.\0004\000.\0002\000.\0004\000\040\000g\000e\000t\000H\000a\000u\000t\000e\000u\000r\000\050\000\051}{subsection.4.4.2}% 79
\BOOKMARK [3][-]{subsubsection.4.4.2.5}{\376\377\0004\000.\0004\000.\0002\000.\0005\000\040\000g\000e\000t\000L\000a\000r\000g\000e\000u\000r\000\050\000\051}{subsection.4.4.2}% 80
\BOOKMARK [3][-]{subsubsection.4.4.2.6}{\376\377\0004\000.\0004\000.\0002\000.\0006\000\040\000s\000e\000t\000\050\000i\000n\000t\000\040\000x\000,\000\040\000i\000n\000t\000\040\000y\000,\000\040\000c\000h\000a\000r\000\040\000v\000a\000l\000e\000u\000r\000\051}{subsection.4.4.2}% 81
\BOOKMARK [3][-]{subsubsection.4.4.2.7}{\376\377\0004\000.\0004\000.\0002\000.\0007\000\040\000s\000e\000t\000G\000r\000i\000l\000l\000e\000\050\000c\000h\000a\000r\000\040\000*\000*\000g\000r\000i\000l\000l\000e\000\051}{subsection.4.4.2}% 82
\BOOKMARK [3][-]{subsubsection.4.4.2.8}{\376\377\0004\000.\0004\000.\0002\000.\0008\000\040\000s\000e\000t\000T\000a\000i\000l\000l\000e\000\050\000i\000n\000t\000\040\000l\000a\000r\000g\000e\000u\000r\000,\000\040\000i\000n\000t\000\040\000h\000a\000u\000t\000e\000u\000r\000\051}{subsection.4.4.2}% 83
\BOOKMARK [3][-]{subsubsection.4.4.2.9}{\376\377\0004\000.\0004\000.\0002\000.\0009\000\040\000v\000e\000r\000i\000f\000i\000e\000r\000P\000l\000a\000c\000e\000\050\000i\000n\000t\000\040\000*\000*\000t\000a\000b\000l\000e\000a\000u\000D\000e\000C\000o\000o\000r\000d\000o\000n\000n\000e\000e\000s\000,\000\040\000i\000n\000t\000\040\000t\000a\000i\000l\000l\000e\000\051}{subsection.4.4.2}% 84
\BOOKMARK [2][-]{subsection.4.4.3}{\376\377\0004\000.\0004\000.\0003\000\040\000D\000o\000c\000u\000m\000e\000n\000t\000a\000t\000i\000o\000n\000\040\000d\000e\000s\000\040\000d\000o\000n\000n\000\351\000e\000s\000\040\000m\000e\000m\000b\000r\000e\000s}{section.4.4}% 85
\BOOKMARK [3][-]{subsubsection.4.4.3.1}{\376\377\0004\000.\0004\000.\0003\000.\0001\000\040\000g\000r\000i\000l\000l\000e}{subsection.4.4.3}% 86
\BOOKMARK [3][-]{subsubsection.4.4.3.2}{\376\377\0004\000.\0004\000.\0003\000.\0002\000\040\000h\000a\000u\000t\000e\000u\000r}{subsection.4.4.3}% 87
\BOOKMARK [3][-]{subsubsection.4.4.3.3}{\376\377\0004\000.\0004\000.\0003\000.\0003\000\040\000l\000a\000r\000g\000e\000u\000r}{subsection.4.4.3}% 88
\BOOKMARK [1][-]{section.4.5}{\376\377\0004\000.\0005\000\040\000R\000\351\000f\000\351\000r\000e\000n\000c\000e\000\040\000d\000e\000\040\000l\000a\000\040\000c\000l\000a\000s\000s\000e\000\040\000J\000e\000u\000B\000a\000t\000a\000i\000l\000l\000e\000N\000a\000v\000a\000l\000e}{chapter.4}% 89
\BOOKMARK [2][-]{subsection.4.5.1}{\376\377\0004\000.\0005\000.\0001\000\040\000D\000e\000s\000c\000r\000i\000p\000t\000i\000o\000n\000\040\000d\000\351\000t\000a\000i\000l\000l\000\351\000e}{section.4.5}% 90
\BOOKMARK [2][-]{subsection.4.5.2}{\376\377\0004\000.\0005\000.\0002\000\040\000D\000o\000c\000u\000m\000e\000n\000t\000a\000t\000i\000o\000n\000\040\000d\000e\000s\000\040\000f\000o\000n\000c\000t\000i\000o\000n\000s\000\040\000m\000e\000m\000b\000r\000e\000s}{section.4.5}% 91
\BOOKMARK [3][-]{subsubsection.4.5.2.1}{\376\377\0004\000.\0005\000.\0002\000.\0001\000\040\000c\000h\000e\000c\000k\000F\000i\000n\000J\000e\000u\000\050\000\051}{subsection.4.5.2}% 92
\BOOKMARK [3][-]{subsubsection.4.5.2.2}{\376\377\0004\000.\0005\000.\0002\000.\0002\000\040\000e\000c\000r\000i\000r\000e\000S\000a\000u\000v\000e\000g\000a\000r\000d\000e\000\050\000s\000t\000d\000:\000:\000s\000t\000r\000i\000n\000g\000\040\000n\000o\000m\000S\000a\000u\000v\000e\000g\000a\000r\000d\000e\000,\000\040\000b\000o\000o\000l\000\040\000t\000o\000u\000r\000\051}{subsection.4.5.2}% 93
\BOOKMARK [3][-]{subsubsection.4.5.2.3}{\376\377\0004\000.\0005\000.\0002\000.\0003\000\040\000i\000n\000s\000t\000a\000n\000c\000i\000a\000t\000i\000o\000n\000D\000e\000s\000J\000o\000u\000e\000u\000r\000s\000\050\000c\000h\000a\000r\000\040\000c\000h\000o\000i\000x\000\051}{subsection.4.5.2}% 94
\BOOKMARK [3][-]{subsubsection.4.5.2.4}{\376\377\0004\000.\0005\000.\0002\000.\0004\000\040\000j\000o\000u\000e\000r\000\050\000b\000o\000o\000l\000\040\000t\000o\000u\000r\000=\000f\000a\000l\000s\000e\000\051}{subsection.4.5.2}% 95
\BOOKMARK [3][-]{subsubsection.4.5.2.5}{\376\377\0004\000.\0005\000.\0002\000.\0005\000\040\000j\000o\000u\000e\000u\000r\000P\000l\000a\000c\000e\000B\000o\000m\000b\000e\000\050\000b\000o\000o\000l\000\040\000j\000o\000u\000e\000u\000r\000,\000\040\000i\000n\000t\000\040\000x\000B\000o\000m\000b\000e\000,\000\040\000i\000n\000t\000\040\000y\000B\000o\000m\000b\000e\000\051}{subsection.4.5.2}% 96
\BOOKMARK [2][-]{subsection.4.5.3}{\376\377\0004\000.\0005\000.\0003\000\040\000D\000o\000c\000u\000m\000e\000n\000t\000a\000t\000i\000o\000n\000\040\000d\000e\000s\000\040\000d\000o\000n\000n\000\351\000e\000s\000\040\000m\000e\000m\000b\000r\000e\000s}{section.4.5}% 97
\BOOKMARK [3][-]{subsubsection.4.5.3.1}{\376\377\0004\000.\0005\000.\0003\000.\0001\000\040\000j\000o\000u\000e\000u\000r\0001}{subsection.4.5.3}% 98
\BOOKMARK [3][-]{subsubsection.4.5.3.2}{\376\377\0004\000.\0005\000.\0003\000.\0002\000\040\000j\000o\000u\000e\000u\000r\0002}{subsection.4.5.3}% 99
\BOOKMARK [3][-]{subsubsection.4.5.3.3}{\376\377\0004\000.\0005\000.\0003\000.\0003\000\040\000t\000y\000p\000e\000J\000e\000u}{subsection.4.5.3}% 100
\BOOKMARK [1][-]{section.4.6}{\376\377\0004\000.\0006\000\040\000R\000\351\000f\000\351\000r\000e\000n\000c\000e\000\040\000d\000e\000\040\000l\000a\000\040\000c\000l\000a\000s\000s\000e\000\040\000J\000o\000u\000e\000u\000r}{chapter.4}% 101
\BOOKMARK [2][-]{subsection.4.6.1}{\376\377\0004\000.\0006\000.\0001\000\040\000D\000e\000s\000c\000r\000i\000p\000t\000i\000o\000n\000\040\000d\000\351\000t\000a\000i\000l\000l\000\351\000e}{section.4.6}% 102
\BOOKMARK [2][-]{subsection.4.6.2}{\376\377\0004\000.\0006\000.\0002\000\040\000D\000o\000c\000u\000m\000e\000n\000t\000a\000t\000i\000o\000n\000\040\000d\000e\000s\000\040\000f\000o\000n\000c\000t\000i\000o\000n\000s\000\040\000m\000e\000m\000b\000r\000e\000s}{section.4.6}% 103
\BOOKMARK [3][-]{subsubsection.4.6.2.1}{\376\377\0004\000.\0006\000.\0002\000.\0001\000\040\000d\000e\000f\000i\000n\000i\000r\000B\000a\000t\000e\000a\000u\000x\000T\000y\000p\000e\0002\000\050\000i\000n\000t\000\040\000n\000b\000M\000a\000x\000D\000e\000B\000a\000t\000e\000a\000u\000x\000,\000\040\000i\000n\000t\000\040\000t\000a\000i\000l\000l\000e\000G\000r\000i\000l\000l\000e\000\051}{subsection.4.6.2}% 104
\BOOKMARK [3][-]{subsubsection.4.6.2.2}{\376\377\0004\000.\0006\000.\0002\000.\0002\000\040\000e\000s\000t\000U\000n\000e\000I\000A\000\050\000\051}{subsection.4.6.2}% 105
\BOOKMARK [3][-]{subsubsection.4.6.2.3}{\376\377\0004\000.\0006\000.\0002\000.\0003\000\040\000m\000a\000r\000q\000u\000e\000r\000R\000e\000s\000u\000l\000t\000a\000t\000B\000o\000m\000b\000e\000S\000u\000r\000G\000r\000i\000l\000l\000e\000\050\000b\000o\000o\000l\000\040\000t\000o\000u\000c\000h\000e\000,\000\040\000i\000n\000t\000\040\000x\000,\000\040\000i\000n\000t\000\040\000y\000\051}{subsection.4.6.2}% 106
\BOOKMARK [3][-]{subsubsection.4.6.2.4}{\376\377\0004\000.\0006\000.\0002\000.\0004\000\040\000m\000a\000r\000q\000u\000e\000r\000R\000e\000s\000u\000l\000t\000a\000t\000B\000o\000m\000b\000e\000S\000u\000r\000G\000r\000i\000l\000l\000e\000T\000e\000n\000t\000a\000t\000i\000v\000e\000\050\000b\000o\000o\000l\000\040\000t\000o\000u\000c\000h\000e\000,\000\040\000i\000n\000t\000\040\000x\000,\000\040\000i\000n\000t\000\040\000y\000\051}{subsection.4.6.2}% 107
\BOOKMARK [3][-]{subsubsection.4.6.2.5}{\376\377\0004\000.\0006\000.\0002\000.\0005\000\040\000p\000l\000a\000c\000e\000m\000e\000n\000t\000D\000e\000s\000B\000a\000t\000e\000a\000u\000x\000\050\000c\000h\000a\000r\000\040\000t\000y\000p\000e\000J\000e\000u\000\051}{subsection.4.6.2}% 108
\BOOKMARK [3][-]{subsubsection.4.6.2.6}{\376\377\0004\000.\0006\000.\0002\000.\0006\000\040\000p\000l\000a\000c\000e\000r\000B\000a\000t\000e\000a\000u\000\050\000B\000a\000t\000e\000a\000u\000\040\000*\000b\000\051}{subsection.4.6.2}% 109
\BOOKMARK [3][-]{subsubsection.4.6.2.7}{\376\377\0004\000.\0006\000.\0002\000.\0007\000\040\000r\000e\000s\000u\000l\000t\000a\000t\000B\000o\000m\000b\000e\000\050\000b\000o\000o\000l\000\040\000t\000o\000u\000c\000h\000e\000,\000\040\000i\000n\000t\000\040\000x\000,\000\040\000i\000n\000t\000\040\000y\000\051}{subsection.4.6.2}% 110
\BOOKMARK [3][-]{subsubsection.4.6.2.8}{\376\377\0004\000.\0006\000.\0002\000.\0008\000\040\000r\000e\000s\000u\000l\000t\000a\000t\000B\000o\000m\000b\000e\000A\000d\000v\000e\000r\000s\000e\000\050\000b\000o\000o\000l\000\040\000t\000o\000u\000c\000h\000e\000,\000\040\000i\000n\000t\000\040\000x\000,\000\040\000i\000n\000t\000\040\000y\000\051}{subsection.4.6.2}% 111
\BOOKMARK [3][-]{subsubsection.4.6.2.9}{\376\377\0004\000.\0006\000.\0002\000.\0009\000\040\000s\000e\000t\000G\000r\000i\000l\000l\000e\000\050\000c\000h\000a\000r\000\040\000*\000*\000g\000r\000i\000l\000l\000e\000,\000\040\000i\000n\000t\000\040\000h\000,\000\040\000i\000n\000t\000\040\000l\000\051}{subsection.4.6.2}% 112
\BOOKMARK [3][-]{subsubsection.4.6.2.10}{\376\377\0004\000.\0006\000.\0002\000.\0001\0000\000\040\000s\000e\000t\000G\000r\000i\000l\000l\000e\000T\000e\000n\000t\000a\000t\000i\000v\000e\000s\000\050\000c\000h\000a\000r\000\040\000*\000*\000g\000r\000i\000l\000l\000e\000T\000e\000n\000t\000a\000t\000i\000v\000e\000s\000\051}{subsection.4.6.2}% 113
\BOOKMARK [3][-]{subsubsection.4.6.2.11}{\376\377\0004\000.\0006\000.\0002\000.\0001\0001\000\040\000s\000e\000t\000N\000o\000m\000\050\000s\000t\000d\000:\000:\000s\000t\000r\000i\000n\000g\000\040\000n\000o\000u\000v\000e\000a\000u\000N\000o\000m\000\051}{subsection.4.6.2}% 114
\BOOKMARK [3][-]{subsubsection.4.6.2.12}{\376\377\0004\000.\0006\000.\0002\000.\0001\0002\000\040\000t\000o\000u\000r\000\050\000\051}{subsection.4.6.2}% 115
\BOOKMARK [2][-]{subsection.4.6.3}{\376\377\0004\000.\0006\000.\0003\000\040\000D\000o\000c\000u\000m\000e\000n\000t\000a\000t\000i\000o\000n\000\040\000d\000e\000s\000\040\000d\000o\000n\000n\000\351\000e\000s\000\040\000m\000e\000m\000b\000r\000e\000s}{section.4.6}% 116
\BOOKMARK [3][-]{subsubsection.4.6.3.1}{\376\377\0004\000.\0006\000.\0003\000.\0001\000\040\000a\000f\000f\000i\000c\000h\000a\000g\000e}{subsection.4.6.3}% 117
\BOOKMARK [3][-]{subsubsection.4.6.3.2}{\376\377\0004\000.\0006\000.\0003\000.\0002\000\040\000b\000a\000t\000e\000a\000u\000x}{subsection.4.6.3}% 118
\BOOKMARK [3][-]{subsubsection.4.6.3.3}{\376\377\0004\000.\0006\000.\0003\000.\0003\000\040\000g\000r\000i\000l\000l\000e}{subsection.4.6.3}% 119
\BOOKMARK [3][-]{subsubsection.4.6.3.4}{\376\377\0004\000.\0006\000.\0003\000.\0004\000\040\000g\000r\000i\000l\000l\000e\000T\000e\000n\000t\000a\000t\000i\000v\000e\000s}{subsection.4.6.3}% 120
\BOOKMARK [3][-]{subsubsection.4.6.3.5}{\376\377\0004\000.\0006\000.\0003\000.\0005\000\040\000n\000b\000B\000a\000t\000e\000a\000u\000x}{subsection.4.6.3}% 121
\BOOKMARK [3][-]{subsubsection.4.6.3.6}{\376\377\0004\000.\0006\000.\0003\000.\0006\000\040\000n\000b\000C\000a\000s\000e\000s\000B\000a\000t\000e\000a\000u\000x}{subsection.4.6.3}% 122
\BOOKMARK [3][-]{subsubsection.4.6.3.7}{\376\377\0004\000.\0006\000.\0003\000.\0007\000\040\000n\000b\000C\000a\000s\000e\000s\000B\000a\000t\000e\000a\000u\000x\000T\000o\000u\000c\000h\000e\000s}{subsection.4.6.3}% 123
\BOOKMARK [3][-]{subsubsection.4.6.3.8}{\376\377\0004\000.\0006\000.\0003\000.\0008\000\040\000n\000o\000m}{subsection.4.6.3}% 124
\BOOKMARK [1][-]{section.4.7}{\376\377\0004\000.\0007\000\040\000R\000\351\000f\000\351\000r\000e\000n\000c\000e\000\040\000d\000e\000\040\000l\000a\000\040\000c\000l\000a\000s\000s\000e\000\040\000J\000o\000u\000e\000u\000r\000H\000u\000m\000a\000i\000n}{chapter.4}% 125
\BOOKMARK [2][-]{subsection.4.7.1}{\376\377\0004\000.\0007\000.\0001\000\040\000D\000e\000s\000c\000r\000i\000p\000t\000i\000o\000n\000\040\000d\000\351\000t\000a\000i\000l\000l\000\351\000e}{section.4.7}% 126
\BOOKMARK [2][-]{subsection.4.7.2}{\376\377\0004\000.\0007\000.\0002\000\040\000D\000o\000c\000u\000m\000e\000n\000t\000a\000t\000i\000o\000n\000\040\000d\000e\000s\000\040\000f\000o\000n\000c\000t\000i\000o\000n\000s\000\040\000m\000e\000m\000b\000r\000e\000s}{section.4.7}% 127
\BOOKMARK [3][-]{subsubsection.4.7.2.1}{\376\377\0004\000.\0007\000.\0002\000.\0001\000\040\000d\000e\000m\000a\000n\000d\000e\000r\000C\000o\000o\000r\000d\000o\000n\000n\000e\000e\000s\000B\000a\000t\000e\000a\000u\000\050\000B\000a\000t\000e\000a\000u\000\040\000*\000b\000\051}{subsection.4.7.2}% 128
\BOOKMARK [3][-]{subsubsection.4.7.2.2}{\376\377\0004\000.\0007\000.\0002\000.\0002\000\040\000d\000e\000m\000a\000n\000d\000e\000r\000T\000y\000p\000e\000J\000e\000u\000\050\000\051}{subsection.4.7.2}% 129
\BOOKMARK [3][-]{subsubsection.4.7.2.3}{\376\377\0004\000.\0007\000.\0002\000.\0003\000\040\000d\000o\000n\000n\000e\000r\000C\000o\000o\000r\000d\000o\000n\000n\000e\000e\000s\000B\000o\000m\000b\000e\000s\000\050\000\051}{subsection.4.7.2}% 130
\BOOKMARK [3][-]{subsubsection.4.7.2.4}{\376\377\0004\000.\0007\000.\0002\000.\0004\000\040\000e\000s\000t\000U\000n\000e\000I\000A\000\050\000\051}{subsection.4.7.2}% 131
\BOOKMARK [3][-]{subsubsection.4.7.2.5}{\376\377\0004\000.\0007\000.\0002\000.\0005\000\040\000p\000l\000a\000c\000e\000m\000e\000n\000t\000D\000e\000s\000B\000a\000t\000e\000a\000u\000x\000\050\000c\000h\000a\000r\000\040\000t\000y\000p\000e\000J\000e\000u\000\051}{subsection.4.7.2}% 132
\BOOKMARK [3][-]{subsubsection.4.7.2.6}{\376\377\0004\000.\0007\000.\0002\000.\0006\000\040\000p\000l\000a\000c\000e\000r\000B\000a\000t\000e\000a\000u\000\050\000B\000a\000t\000e\000a\000u\000\040\000*\000b\000\051}{subsection.4.7.2}% 133
\BOOKMARK [3][-]{subsubsection.4.7.2.7}{\376\377\0004\000.\0007\000.\0002\000.\0007\000\040\000r\000e\000s\000u\000l\000t\000a\000t\000B\000o\000m\000b\000e\000\050\000b\000o\000o\000l\000\040\000t\000o\000u\000c\000h\000e\000,\000\040\000i\000n\000t\000\040\000x\000,\000\040\000i\000n\000t\000\040\000y\000\051}{subsection.4.7.2}% 134
\BOOKMARK [3][-]{subsubsection.4.7.2.8}{\376\377\0004\000.\0007\000.\0002\000.\0008\000\040\000r\000e\000s\000u\000l\000t\000a\000t\000B\000o\000m\000b\000e\000A\000d\000v\000e\000r\000s\000e\000\050\000b\000o\000o\000l\000\040\000t\000o\000u\000c\000h\000e\000,\000\040\000i\000n\000t\000\040\000x\000,\000\040\000i\000n\000t\000\040\000y\000\051}{subsection.4.7.2}% 135
\BOOKMARK [3][-]{subsubsection.4.7.2.9}{\376\377\0004\000.\0007\000.\0002\000.\0009\000\040\000t\000o\000u\000r\000\050\000\051}{subsection.4.7.2}% 136
\BOOKMARK [1][-]{section.4.8}{\376\377\0004\000.\0008\000\040\000R\000\351\000f\000\351\000r\000e\000n\000c\000e\000\040\000d\000e\000\040\000l\000a\000\040\000c\000l\000a\000s\000s\000e\000\040\000J\000o\000u\000e\000u\000r\000I\000A}{chapter.4}% 137
\BOOKMARK [2][-]{subsection.4.8.1}{\376\377\0004\000.\0008\000.\0001\000\040\000D\000e\000s\000c\000r\000i\000p\000t\000i\000o\000n\000\040\000d\000\351\000t\000a\000i\000l\000l\000\351\000e}{section.4.8}% 138
\BOOKMARK [2][-]{subsection.4.8.2}{\376\377\0004\000.\0008\000.\0002\000\040\000D\000o\000c\000u\000m\000e\000n\000t\000a\000t\000i\000o\000n\000\040\000d\000e\000s\000\040\000f\000o\000n\000c\000t\000i\000o\000n\000s\000\040\000m\000e\000m\000b\000r\000e\000s}{section.4.8}% 139
\BOOKMARK [3][-]{subsubsection.4.8.2.1}{\376\377\0004\000.\0008\000.\0002\000.\0001\000\040\000d\000e\000m\000a\000n\000d\000e\000r\000T\000y\000p\000e\000J\000e\000u\000\050\000\051}{subsection.4.8.2}% 140
\BOOKMARK [3][-]{subsubsection.4.8.2.2}{\376\377\0004\000.\0008\000.\0002\000.\0002\000\040\000d\000e\000t\000e\000r\000m\000i\000n\000e\000r\000C\000o\000o\000r\000d\000o\000n\000n\000e\000e\000s\000B\000o\000m\000b\000e\000s\000A\000l\000e\000a\000t\000o\000i\000r\000e\000\050\000\051}{subsection.4.8.2}% 141
\BOOKMARK [3][-]{subsubsection.4.8.2.3}{\376\377\0004\000.\0008\000.\0002\000.\0003\000\040\000d\000e\000t\000e\000r\000m\000i\000n\000e\000r\000C\000o\000o\000r\000d\000o\000n\000n\000e\000e\000s\000B\000o\000m\000b\000e\000s\000S\000c\000a\000n\000\050\000\051}{subsection.4.8.2}% 142
\BOOKMARK [3][-]{subsubsection.4.8.2.4}{\376\377\0004\000.\0008\000.\0002\000.\0004\000\040\000e\000s\000t\000U\000n\000e\000I\000A\000\050\000\051}{subsection.4.8.2}% 143
\BOOKMARK [3][-]{subsubsection.4.8.2.5}{\376\377\0004\000.\0008\000.\0002\000.\0005\000\040\000p\000l\000a\000c\000e\000m\000e\000n\000t\000D\000e\000s\000B\000a\000t\000e\000a\000u\000x\000\050\000c\000h\000a\000r\000\040\000t\000y\000p\000e\000J\000e\000u\000\051}{subsection.4.8.2}% 144
\BOOKMARK [3][-]{subsubsection.4.8.2.6}{\376\377\0004\000.\0008\000.\0002\000.\0006\000\040\000p\000l\000a\000c\000e\000r\000B\000a\000t\000e\000a\000u\000\050\000B\000a\000t\000e\000a\000u\000\040\000*\000b\000a\000t\000e\000a\000u\000\051}{subsection.4.8.2}% 145
\BOOKMARK [3][-]{subsubsection.4.8.2.7}{\376\377\0004\000.\0008\000.\0002\000.\0007\000\040\000r\000e\000s\000u\000l\000t\000a\000t\000B\000o\000m\000b\000e\000\050\000b\000o\000o\000l\000\040\000t\000o\000u\000c\000h\000e\000,\000\040\000i\000n\000t\000\040\000x\000,\000\040\000i\000n\000t\000\040\000y\000\051}{subsection.4.8.2}% 146
\BOOKMARK [3][-]{subsubsection.4.8.2.8}{\376\377\0004\000.\0008\000.\0002\000.\0008\000\040\000r\000e\000s\000u\000l\000t\000a\000t\000B\000o\000m\000b\000e\000A\000d\000v\000e\000r\000s\000e\000\050\000b\000o\000o\000l\000\040\000t\000o\000u\000c\000h\000e\000,\000\040\000i\000n\000t\000\040\000x\000,\000\040\000i\000n\000t\000\040\000y\000\051}{subsection.4.8.2}% 147
\BOOKMARK [3][-]{subsubsection.4.8.2.9}{\376\377\0004\000.\0008\000.\0002\000.\0009\000\040\000r\000e\000t\000i\000r\000e\000r\000D\000e\000L\000a\000L\000i\000s\000t\000e\000\050\000i\000n\000t\000\040\000*\000l\000i\000s\000t\000e\000,\000\040\000i\000n\000t\000\040\000t\000a\000i\000l\000l\000e\000,\000\040\000i\000n\000t\000\040\000i\000n\000d\000\051}{subsection.4.8.2}% 148
\BOOKMARK [3][-]{subsubsection.4.8.2.10}{\376\377\0004\000.\0008\000.\0002\000.\0001\0000\000\040\000t\000o\000u\000r\000\050\000\051}{subsection.4.8.2}% 149
\BOOKMARK [0][-]{chapter.5}{\376\377\0005\000\040\000D\000o\000c\000u\000m\000e\000n\000t\000a\000t\000i\000o\000n\000\040\000d\000e\000s\000\040\000f\000i\000c\000h\000i\000e\000r\000s}{}% 150
\BOOKMARK [1][-]{section.5.1}{\376\377\0005\000.\0001\000\040\000R\000\351\000f\000\351\000r\000e\000n\000c\000e\000\040\000d\000u\000\040\000f\000i\000c\000h\000i\000e\000r\000\040\000/\000h\000o\000m\000e\000/\000l\000u\000c\000a\000s\000/\000D\000o\000c\000u\000m\000e\000n\000t\000s\000/\000G\000i\000t\000H\000u\000b\000/\000B\000a\000t\000a\000i\000l\000l\000e\000-\000N\000a\000v\000a\000l\000e\000/\000s\000r\000c\000/\000A\000f\000f\000i\000c\000h\000a\000g\000e\000.\000h\000p\000p}{chapter.5}% 151
\BOOKMARK [2][-]{subsection.5.1.1}{\376\377\0005\000.\0001\000.\0001\000\040\000D\000e\000s\000c\000r\000i\000p\000t\000i\000o\000n\000\040\000d\000\351\000t\000a\000i\000l\000l\000\351\000e}{section.5.1}% 152
\BOOKMARK [1][-]{section.5.2}{\376\377\0005\000.\0002\000\040\000R\000\351\000f\000\351\000r\000e\000n\000c\000e\000\040\000d\000u\000\040\000f\000i\000c\000h\000i\000e\000r\000\040\000/\000h\000o\000m\000e\000/\000l\000u\000c\000a\000s\000/\000D\000o\000c\000u\000m\000e\000n\000t\000s\000/\000G\000i\000t\000H\000u\000b\000/\000B\000a\000t\000a\000i\000l\000l\000e\000-\000N\000a\000v\000a\000l\000e\000/\000s\000r\000c\000/\000B\000a\000t\000e\000a\000u\000.\000h\000p\000p}{chapter.5}% 153
\BOOKMARK [2][-]{subsection.5.2.1}{\376\377\0005\000.\0002\000.\0001\000\040\000D\000e\000s\000c\000r\000i\000p\000t\000i\000o\000n\000\040\000d\000\351\000t\000a\000i\000l\000l\000\351\000e}{section.5.2}% 154
\BOOKMARK [1][-]{section.5.3}{\376\377\0005\000.\0003\000\040\000R\000\351\000f\000\351\000r\000e\000n\000c\000e\000\040\000d\000u\000\040\000f\000i\000c\000h\000i\000e\000r\000\040\000/\000h\000o\000m\000e\000/\000l\000u\000c\000a\000s\000/\000D\000o\000c\000u\000m\000e\000n\000t\000s\000/\000G\000i\000t\000H\000u\000b\000/\000B\000a\000t\000a\000i\000l\000l\000e\000-\000N\000a\000v\000a\000l\000e\000/\000s\000r\000c\000/\000G\000e\000s\000t\000i\000o\000n\000S\000a\000u\000v\000e\000g\000a\000r\000d\000e\000.\000h\000p\000p}{chapter.5}% 155
\BOOKMARK [2][-]{subsection.5.3.1}{\376\377\0005\000.\0003\000.\0001\000\040\000D\000e\000s\000c\000r\000i\000p\000t\000i\000o\000n\000\040\000d\000\351\000t\000a\000i\000l\000l\000\351\000e}{section.5.3}% 156
\BOOKMARK [2][-]{subsection.5.3.2}{\376\377\0005\000.\0003\000.\0002\000\040\000D\000o\000c\000u\000m\000e\000n\000t\000a\000t\000i\000o\000n\000\040\000d\000e\000s\000\040\000m\000a\000c\000r\000o\000s}{section.5.3}% 157
\BOOKMARK [3][-]{subsubsection.5.3.2.1}{\376\377\0005\000.\0003\000.\0002\000.\0001\000\040\000E\000R\000R\000E\000U\000R\000A\000T\000T\000R\000I\000B\000U\000T}{subsection.5.3.2}% 158
\BOOKMARK [3][-]{subsubsection.5.3.2.2}{\376\377\0005\000.\0003\000.\0002\000.\0002\000\040\000F\000I\000C\000H\000I\000E\000R\000L\000I\000S\000T\000E\000S\000A\000V}{subsection.5.3.2}% 159
\BOOKMARK [1][-]{section.5.4}{\376\377\0005\000.\0004\000\040\000R\000\351\000f\000\351\000r\000e\000n\000c\000e\000\040\000d\000u\000\040\000f\000i\000c\000h\000i\000e\000r\000\040\000/\000h\000o\000m\000e\000/\000l\000u\000c\000a\000s\000/\000D\000o\000c\000u\000m\000e\000n\000t\000s\000/\000G\000i\000t\000H\000u\000b\000/\000B\000a\000t\000a\000i\000l\000l\000e\000-\000N\000a\000v\000a\000l\000e\000/\000s\000r\000c\000/\000G\000r\000i\000l\000l\000e\000.\000h\000p\000p}{chapter.5}% 160
\BOOKMARK [2][-]{subsection.5.4.1}{\376\377\0005\000.\0004\000.\0001\000\040\000D\000e\000s\000c\000r\000i\000p\000t\000i\000o\000n\000\040\000d\000\351\000t\000a\000i\000l\000l\000\351\000e}{section.5.4}% 161
\BOOKMARK [2][-]{subsection.5.4.2}{\376\377\0005\000.\0004\000.\0002\000\040\000D\000o\000c\000u\000m\000e\000n\000t\000a\000t\000i\000o\000n\000\040\000d\000e\000s\000\040\000m\000a\000c\000r\000o\000s}{section.5.4}% 162
\BOOKMARK [3][-]{subsubsection.5.4.2.1}{\376\377\0005\000.\0004\000.\0002\000.\0001\000\040\000B\000A\000T\000E\000A\000U}{subsection.5.4.2}% 163
\BOOKMARK [3][-]{subsubsection.5.4.2.2}{\376\377\0005\000.\0004\000.\0002\000.\0002\000\040\000B\000A\000T\000E\000A\000U\000T\000O\000U\000C\000H\000E}{subsection.5.4.2}% 164
\BOOKMARK [3][-]{subsubsection.5.4.2.3}{\376\377\0005\000.\0004\000.\0002\000.\0003\000\040\000E\000A\000U}{subsection.5.4.2}% 165
\BOOKMARK [3][-]{subsubsection.5.4.2.4}{\376\377\0005\000.\0004\000.\0002\000.\0004\000\040\000n\000u\000l\000l}{subsection.5.4.2}% 166
\BOOKMARK [3][-]{subsubsection.5.4.2.5}{\376\377\0005\000.\0004\000.\0002\000.\0005\000\040\000T\000E\000N\000T\000A\000T\000I\000V\000E\000R\000A\000T\000E\000E}{subsection.5.4.2}% 167
\BOOKMARK [3][-]{subsubsection.5.4.2.6}{\376\377\0005\000.\0004\000.\0002\000.\0006\000\040\000T\000E\000N\000T\000A\000T\000I\000V\000E\000R\000E\000U\000S\000S\000I\000E}{subsection.5.4.2}% 168
\BOOKMARK [1][-]{section.5.5}{\376\377\0005\000.\0005\000\040\000R\000\351\000f\000\351\000r\000e\000n\000c\000e\000\040\000d\000u\000\040\000f\000i\000c\000h\000i\000e\000r\000\040\000/\000h\000o\000m\000e\000/\000l\000u\000c\000a\000s\000/\000D\000o\000c\000u\000m\000e\000n\000t\000s\000/\000G\000i\000t\000H\000u\000b\000/\000B\000a\000t\000a\000i\000l\000l\000e\000-\000N\000a\000v\000a\000l\000e\000/\000s\000r\000c\000/\000J\000e\000u\000B\000a\000t\000a\000i\000l\000l\000e\000N\000a\000v\000a\000l\000e\000.\000h\000p\000p}{chapter.5}% 169
\BOOKMARK [2][-]{subsection.5.5.1}{\376\377\0005\000.\0005\000.\0001\000\040\000D\000e\000s\000c\000r\000i\000p\000t\000i\000o\000n\000\040\000d\000\351\000t\000a\000i\000l\000l\000\351\000e}{section.5.5}% 170
\BOOKMARK [1][-]{section.5.6}{\376\377\0005\000.\0006\000\040\000R\000\351\000f\000\351\000r\000e\000n\000c\000e\000\040\000d\000u\000\040\000f\000i\000c\000h\000i\000e\000r\000\040\000/\000h\000o\000m\000e\000/\000l\000u\000c\000a\000s\000/\000D\000o\000c\000u\000m\000e\000n\000t\000s\000/\000G\000i\000t\000H\000u\000b\000/\000B\000a\000t\000a\000i\000l\000l\000e\000-\000N\000a\000v\000a\000l\000e\000/\000s\000r\000c\000/\000J\000o\000u\000e\000u\000r\000.\000h\000p\000p}{chapter.5}% 171
\BOOKMARK [2][-]{subsection.5.6.1}{\376\377\0005\000.\0006\000.\0001\000\040\000D\000e\000s\000c\000r\000i\000p\000t\000i\000o\000n\000\040\000d\000\351\000t\000a\000i\000l\000l\000\351\000e}{section.5.6}% 172
\BOOKMARK [1][-]{section.5.7}{\376\377\0005\000.\0007\000\040\000R\000\351\000f\000\351\000r\000e\000n\000c\000e\000\040\000d\000u\000\040\000f\000i\000c\000h\000i\000e\000r\000\040\000/\000h\000o\000m\000e\000/\000l\000u\000c\000a\000s\000/\000D\000o\000c\000u\000m\000e\000n\000t\000s\000/\000G\000i\000t\000H\000u\000b\000/\000B\000a\000t\000a\000i\000l\000l\000e\000-\000N\000a\000v\000a\000l\000e\000/\000s\000r\000c\000/\000J\000o\000u\000e\000u\000r\000H\000u\000m\000a\000i\000n\000.\000h\000p\000p}{chapter.5}% 173
\BOOKMARK [2][-]{subsection.5.7.1}{\376\377\0005\000.\0007\000.\0001\000\040\000D\000e\000s\000c\000r\000i\000p\000t\000i\000o\000n\000\040\000d\000\351\000t\000a\000i\000l\000l\000\351\000e}{section.5.7}% 174
\BOOKMARK [1][-]{section.5.8}{\376\377\0005\000.\0008\000\040\000R\000\351\000f\000\351\000r\000e\000n\000c\000e\000\040\000d\000u\000\040\000f\000i\000c\000h\000i\000e\000r\000\040\000/\000h\000o\000m\000e\000/\000l\000u\000c\000a\000s\000/\000D\000o\000c\000u\000m\000e\000n\000t\000s\000/\000G\000i\000t\000H\000u\000b\000/\000B\000a\000t\000a\000i\000l\000l\000e\000-\000N\000a\000v\000a\000l\000e\000/\000s\000r\000c\000/\000J\000o\000u\000e\000u\000r\000I\000A\000.\000h\000p\000p}{chapter.5}% 175
\BOOKMARK [2][-]{subsection.5.8.1}{\376\377\0005\000.\0008\000.\0001\000\040\000D\000e\000s\000c\000r\000i\000p\000t\000i\000o\000n\000\040\000d\000\351\000t\000a\000i\000l\000l\000\351\000e}{section.5.8}% 176
\BOOKMARK [0][-]{section*.40}{\376\377\000I\000n\000d\000e\000x}{}% 177
